[0.000][INFO]:      ChromeDriver 21.0.1180.4 /usr/bin/chromedriver
[0.247][FINE]:      Initializing session with capabilities {
   "browserName": "chrome",
   "chrome.detach": true,
   "chromeOptions": {
      "detach": true
   },
   "cssSelectorsEnabled": true,
   "javascriptEnabled": true,
   "nativeEvents": false,
   "platform": "ANY",
   "rotatable": false,
   "takesScreenshot": false,
   "version": ""
}

[0.248][INFO]:      Using named testing interface
[1.053][INFO]:      Connected to Chrome successfully. Version: 27.0.1453.110
[1.116][FINE]:      Command received (/session/44dc3ba92c223af2bfdb796c4ac0fc6b)
[1.116][FINE]:      Command finished (/session/44dc3ba92c223af2bfdb796c4ac0fc6b) with response {
   "sessionId": "44dc3ba92c223af2bfdb796c4ac0fc6b",
   "status": 0,
   "value": {
      "acceptSslCerts": false,
      "applicationCacheEnabled": false,
      "browserConnectionEnabled": false,
      "browserName": "chrome",
      "chrome.chromedriverVersion": "21.0.1180.4",
      "chrome.nativeEvents": false,
      "cssSelectorsEnabled": true,
      "databaseEnabled": false,
      "handlesAlerts": true,
      "javascriptEnabled": true,
      "locationContextEnabled": false,
      "nativeEvents": true,
      "platform": "mac",
      "rotatable": false,
      "takesScreenshot": true,
      "version": "27.0.1453.110",
      "webStorageEnabled": true
   }
}

[1.118][FINE]:      Command received (/session/44dc3ba92c223af2bfdb796c4ac0fc6b/url) with params {
   "url": "http://localhost:61026/"
}

[1.118][FINER]:     Waiting for all views to stop loading...
[1.119][FINER]:     Done waiting for all views to stop loading
[1.564][FINER]:     Waiting for all views to stop loading...
[1.583][FINER]:     Done waiting for all views to stop loading
[1.583][FINE]:      Command finished (/session/44dc3ba92c223af2bfdb796c4ac0fc6b/url) with response {
   "sessionId": "44dc3ba92c223af2bfdb796c4ac0fc6b",
   "status": 0,
   "value": {

   }
}

[1.641][FINE]:      Command received (/session/44dc3ba92c223af2bfdb796c4ac0fc6b/elements) with params {
   "using": "xpath",
   "value": "/html"
}

[1.641][FINER]:     Waiting for all views to stop loading...
[1.642][FINER]:     Done waiting for all views to stop loading
[1.670][FINER]:     Waiting for all views to stop loading...
[1.670][FINER]:     Done waiting for all views to stop loading
[1.670][FINE]:      Command finished (/session/44dc3ba92c223af2bfdb796c4ac0fc6b/elements) with response {
   "sessionId": "44dc3ba92c223af2bfdb796c4ac0fc6b",
   "status": 0,
   "value": [ {
      "ELEMENT": ":wdc:1370937343421"
   } ]
}

[1.704][FINE]:      Command received (/session/44dc3ba92c223af2bfdb796c4ac0fc6b/element/:wdc:1370937343421/text)
[1.704][FINER]:     Waiting for all views to stop loading...
[1.705][FINER]:     Done waiting for all views to stop loading
[1.756][FINER]:     Waiting for all views to stop loading...
[1.757][FINER]:     Done waiting for all views to stop loading
[1.757][FINE]:      Command finished (/session/44dc3ba92c223af2bfdb796c4ac0fc6b/element/:wdc:1370937343421/text) with response {
   "sessionId": "44dc3ba92c223af2bfdb796c4ac0fc6b",
   "status": 0,
   "value": "Sample App Placeholder\nBuilt on version: 1.0.0.0"
}

[1.761][FINE]:      Command received (/session/44dc3ba92c223af2bfdb796c4ac0fc6b)
